Default.SFX
Def_US.SFX
Descript.ion
Dos.SFX
Dos_US.SFX
File_Id.diz
Formats
Formats\7z.fmt
Formats\7zxa.dll
Formats\ace.fmt
Formats\arj.fmt
Formats\bz2.fmt
Formats\cab.fmt
Formats\gz.fmt
Formats\iso.fmt
Formats\lzh.fmt
Formats\tar.fmt
Formats\UNACEV2.DLL
Formats\uue.fmt
Formats\z.fmt
License.txt
Order.htm
Rar.exe
rar.lng
Rar.txt
RarExt.dll
rarext.lng
RarExt64.dll
RarExtLoader.exe
RarFiles.lst
rarlng.dll
rarnew.dat
ReadMe.rus.txt
ReadMe.txt
Register.txt
setup.lng
sfx.lng
TechNote.txt
Uninstall.exe
uninstall.lng
Uninstall.lst
UnRAR.exe
UnrarSrc.txt
WhatsNew.txt
WinCon.SFX
WinConUS.SFX
WinRAR.cnt
WinRAR.exe
winrar.fts
winrar.gid
WinRAR.hlp
winrar.lng
Zip.SFX
zipnew.dat
Zip_US.SFX
