ac-ntp1.net.cmu.edu
clock-1.cs.cmu.edu
clock.netcetera.dk
clock.psu.edu
clock2.netcetera.dk
cuckoo.nevada.edu
cuckoo.nevada.edu
fuzz.psc.edu
nist1.datum.com
ntp.dianacht.de
ntp.lth.se
ntp.maths.tcd.ie
ntp.nblug.org
ntp.psn.ru
ntp.ujf.cas.cz
ntp0.cornell.edu
ntp1.arnes.si
ntp1.tpg.com.au
ntp2.fau.de
ntp2a.mcc.ac.uk
ntp2b.mcc.ac.uk
ntp2c.mcc.ac.uk
ntp2c.mcc.ac.uk
ntp2d.mcc.ac.uk
ntps1-2.uni-erlangen.de
rolex.peachnet.edu
salmon.maths.tcd.ie
sundial.columbia.edu
sundial.columbia.edu
time-A.timefreq.bldrdoc.gov
time-A.timefreq.bldrdoc.gov
time-a.nist.gov
time-b.nist.gov
time-b.timefreq.bldrdoc.gov
time-b.timefreq.bldrdoc.gov
time-c.timefreq.bldrdoc.gov
time-nw.nist.gov
time.chu.nrc.ca
time.ien.it
time.nrc.ca
timex.peachnet.edu
utcnist.colorado.edu
vega.cbk.poznan.pl
